0 info it worked if it ends with ok
1 verbose cli [ 'D:\\node.exe',
1 verbose cli   'C:\\Program Files\\Git\\usr\\local\\node_modules\\cnpm\\node_modules\\npm\\bin\\npm-cli.js',
1 verbose cli   '--userconfig=C:\\Users\\zengyinchao\\.cnpmrc',
1 verbose cli   '--disturl=https://npm.taobao.org/mirrors/node',
1 verbose cli   '--registry=https://registry.npm.taobao.org',
1 verbose cli   'run',
1 verbose cli   'dev' ]
2 info using npm@3.10.10
3 info using node@v6.9.4
4 verbose stack Error: ENOENT: no such file or directory, open 'E:\gitest\student\package.json'
4 verbose stack     at Error (native)
5 verbose cwd E:\gitest\student
6 error Windows_NT 6.1.7601
7 error argv "D:\\node.exe" "C:\\Program Files\\Git\\usr\\local\\node_modules\\cnpm\\node_modules\\npm\\bin\\npm-cli.js" "--userconfig=C:\\Users\\zengyinchao\\.cnpmrc" "--disturl=https://npm.taobao.org/mirrors/node" "--registry=https://registry.npm.taobao.org" "run" "dev"
8 error node v6.9.4
9 error npm  v3.10.10
10 error path E:\gitest\student\package.json
11 error code ENOENT
12 error errno -4058
13 error syscall open
14 error enoent ENOENT: no such file or directory, open 'E:\gitest\student\package.json'
15 error enoent ENOENT: no such file or directory, open 'E:\gitest\student\package.json'
15 error enoent This is most likely not a problem with npm itself
15 error enoent and is related to npm not being able to find a file.
16 verbose exit [ -4058, true ]
